<?xml version="1.0" encoding="UTF-8"?>
<!-- Generated by org.testng.reporters.JUnitXMLReporter -->
<testsuite hostname="DESKTOP-65RRAID" ignored="0" name="LoginTest" tests="3" failures="0" timestamp="2021-03-22T12:51:02 EDT" time="45.991" errors="0">
  <testcase name="usershouldabletologin" time="11.879" classname="test.LoginTest"/>
  <testcase name="dashboardbuttons" time="14.762" classname="test.DashBoardTest"/>
  <testcase name="usershouldabletoaddcustomer" time="19.213" classname="test.AddCustomerTest"/>
</testsuite> <!-- LoginTest -->
