<?xml version="1.0" encoding="UTF-8"?>
<testng-results skipped="0" failed="0" ignored="0" total="3" passed="3">
  <reporter-output>
  </reporter-output>
  <suite name="Regression" duration-ms="45991" started-at="2021-03-22T12:50:16 EDT" finished-at="2021-03-22T12:51:02 EDT">
    <groups>
    </groups>
    <test name="LoginTest" duration-ms="45991" started-at="2021-03-22T12:50:16 EDT" finished-at="2021-03-22T12:51:02 EDT">
      <class name="test.AddCustomerTest">
        <test-method status="PASS" signature="usershouldabletoaddcustomer(java.lang.String, java.lang.String, java.lang.String, java.lang.String, java.lang.String, java.lang.String, java.lang.String, java.lang.String, java.lang.String)[pri:0, instance:test.AddCustomerTest@72b6cbcc]" name="usershouldabletoaddcustomer" duration-ms="19213" started-at="2021-03-22T12:50:43 EDT" finished-at="2021-03-22T12:51:02 EDT">
          <params>
            <param index="0">
              <value>
                <![CDATA[demo@techfios.com]]>
              </value>
            </param>
            <param index="1">
              <value>
                <![CDATA[abc123]]>
              </value>
            </param>
            <param index="2">
              <value>
                <![CDATA[Savings]]>
              </value>
            </param>
            <param index="3">
              <value>
                <![CDATA[Johns savings Account]]>
              </value>
            </param>
            <param index="4">
              <value>
                <![CDATA[50000]]>
              </value>
            </param>
            <param index="5">
              <value>
                <![CDATA[123456789]]>
              </value>
            </param>
            <param index="6">
              <value>
                <![CDATA[James Harden]]>
              </value>
            </param>
            <param index="7">
              <value>
                <![CDATA[123123123]]>
              </value>
            </param>
            <param index="8">
              <value>
                <![CDATA[google.com]]>
              </value>
            </param>
          </params>
          <reporter-output>
          </reporter-output>
        </test-method> <!-- usershouldabletoaddcustomer -->
      </class> <!-- test.AddCustomerTest -->
      <class name="test.LoginTest">
        <test-method status="PASS" signature="usershouldabletologin(java.lang.String, java.lang.String)[pri:0, instance:test.LoginTest@1efed156]" name="usershouldabletologin" duration-ms="11879" started-at="2021-03-22T12:50:16 EDT" finished-at="2021-03-22T12:50:28 EDT">
          <params>
            <param index="0">
              <value>
                <![CDATA[demo@techfios.com]]>
              </value>
            </param>
            <param index="1">
              <value>
                <![CDATA[abc123]]>
              </value>
            </param>
          </params>
          <reporter-output>
          </reporter-output>
        </test-method> <!-- usershouldabletologin -->
      </class> <!-- test.LoginTest -->
      <class name="test.DashBoardTest">
        <test-method status="PASS" signature="dashboardbuttons(java.lang.String, java.lang.String)[pri:0, instance:test.DashBoardTest@6737fd8f]" name="dashboardbuttons" duration-ms="14762" started-at="2021-03-22T12:50:28 EDT" finished-at="2021-03-22T12:50:43 EDT">
          <params>
            <param index="0">
              <value>
                <![CDATA[demo@techfios.com]]>
              </value>
            </param>
            <param index="1">
              <value>
                <![CDATA[abc123]]>
              </value>
            </param>
          </params>
          <reporter-output>
          </reporter-output>
        </test-method> <!-- dashboardbuttons -->
      </class> <!-- test.DashBoardTest -->
    </test> <!-- LoginTest -->
  </suite> <!-- Regression -->
</testng-results>
